All tasks are complete. Let me provide a summary of what was implemented.

## Implementation Summary

### Changes made:

1. **`compile`** — Unified with `compile_local` logic:
   - Added `COMPILE_MODE` env var support (`local`/`docker`/auto-detect)
   - Local toolchain detection: checks `toolchain/32root/` for `libc.so.6`, `crt1.o`, and `crtbegin.o`
   - GCC version auto-detection via globbing `crtbegin.o` paths
   - `-isystem` for i386 headers when compiling `tgc.c`
   - `tgc.o` caching (only recompile if missing)
   - `-nostdlib` linking with explicit CRT objects and library paths
   - Docker fallback preserved (with `-v /tmp:/tmp` mount)
   - Prints "Using local toolchain" or "Using Docker" to stderr

2. **`compile2`** — Same unification, with key differences preserved:
   - Uses `out/driver` instead of `ruby driver.rb`
   - Outputs to `bname2` (not `bname`)
   - Preserves `2>&1` redirect on compilation step
   - Docker mode does NOT mount `/tmp:/tmp`

3. **`compile_local`** — Deleted after merge

4. **`bin/setup-i386-toolchain`** — New script that populates `toolchain/32root/`:
   - Method 1: copies from system dirs (if `gcc-multilib` + `libc6-dev-i386` installed)
   - Method 2: downloads `.deb` packages and extracts with `dpkg-deb` (no sudo needed)
   - Downloads: `libc6:i386`, `libc6-dev-i386`, `libgcc-s1:i386`, `lib32gcc-N-dev`, `libc6-dev:i386`, `linux-libc-dev:i386`
   - Auto-detects GCC version (no hardcoded "8")
   - Validates all required files, prints summary
   - Idempotent (skips if already valid)

5. **`Makefile`** — Added `setup-toolchain` and `local-check` targets (both `.PHONY`)

6. **`.gitignore`** — Added `!bin/setup-i386-toolchain` exception after `bin/*`

7. **`test/test_localdev.sh`** — Comprehensive test suite (55 checks covering all 18 test scenarios from `test.md`)

### Acceptance Criteria Results:
- `./compile driver.rb -I . -g` succeeds with local toolchain
- `./compile2 driver.rb -I . -g` succeeds with local toolchain
- `make selftest` passes — 0 failures, no Docker
- `make selftest-c` passes — 0 failures, no Docker
- Docker fallback preserved (skipped in tests as Docker unavailable)
- `compile_local` deleted
- GCC version auto-detected (GCC 11 on this system)
- `run_rubyspec` works without modification